#
# There is insufficient memory for the Java Runtime Environment to continue.
# Native memory allocation (mmap) failed to map 2097152 bytes for G1 virtual space
# Possible reasons:
#   The system is out of physical RAM or swap space
#   The process is running with CompressedOops enabled, and the Java Heap may be blocking the growth of the native heap
# Possible solutions:
#   Reduce memory load on the system
#   Increase physical memory or swap space
#   Check if swap backing store is full
#   Decrease Java heap size (-Xmx/-Xms)
#   Decrease number of Java threads
#   Decrease Java thread stack sizes (-Xss)
#   Set larger code cache with -XX:ReservedCodeCacheSize=
#   JVM is running with Unscaled Compressed Oops mode in which the Java heap is
#     placed in the first 4GB address space. The Java Heap base address is the
#     maximum limit for the native heap growth. Please use -XX:HeapBaseMinAddress
#     to set the Java Heap base and to place the Java Heap above 4GB virtual address.
# This output file may be truncated or incomplete.
#
#  Out of Memory Error (os_windows.cpp:3541), pid=8136, tid=15396
#
# JRE version: OpenJDK Runtime Environment Temurin-17.0.4+8 (17.0.4+8) (build 17.0.4+8)
# Java VM: OpenJDK 64-Bit Server VM Temurin-17.0.4+8 (17.0.4+8, mixed mode, tiered, compressed oops, compressed class ptrs, g1 gc, windows-amd64)
# No core dump will be written. Minidumps are not enabled by default on client versions of Windows
#

---------------  S U M M A R Y ------------

Command Line: -XX:+ShowCodeDetailsInExceptionMessages com.example.for_angular_project.ForAngularProjectApplication

Host: Intel(R) Core(TM) i5-5200U CPU @ 2.20GHz, 4 cores, 7G,  Windows 10 , 64 bit Build 19041 (10.0.19041.1889)
Time: Tue Sep 13 00:04:49 2022 Pacific Daylight Time elapsed time: 1550.226635 seconds (0d 0h 25m 50s)

---------------  T H R E A D  ---------------

Current thread (0x00000128b2039910):  VMThread "VM Thread" [stack: 0x00000012d5300000,0x00000012d5400000] [id=15396]

Stack: [0x00000012d5300000,0x00000012d5400000]
Native frames: (J=compiled Java code, j=interpreted, Vv=VM code, C=native code)
V  [jvm.dll+0x67733a]
V  [jvm.dll+0x8323c4]
V  [jvm.dll+0x833b6e]
V  [jvm.dll+0x8341d3]
V  [jvm.dll+0x2455e5]
V  [jvm.dll+0x674229]
V  [jvm.dll+0x668ab2]
V  [jvm.dll+0x30458b]
V  [jvm.dll+0x30bad6]
V  [jvm.dll+0x35ba7e]
V  [jvm.dll+0x35bcaf]
V  [jvm.dll+0x2db428]
V  [jvm.dll+0x2de4b6]
V  [jvm.dll+0x2e8b78]
V  [jvm.dll+0x31ce20]
V  [jvm.dll+0x83867b]
V  [jvm.dll+0x8393b4]
V  [jvm.dll+0x8398cc]
V  [jvm.dll+0x839ca4]
V  [jvm.dll+0x839d70]
V  [jvm.dll+0x7e245a]
V  [jvm.dll+0x6761c5]
C  [ucrtbase.dll+0x21bb2]
C  [KERNEL32.DLL+0x17034]
C  [ntdll.dll+0x52651]

VM_Operation (0x00000012d4fff340): G1Concurrent, mode: safepoint, requested by thread 0x000001289940a2e0


---------------  P R O C E S S  ---------------

Threads class SMR info:
_java_thread_list=0x00000128b83b8750, length=32, elements={
0x00000128b2053380, 0x00000128b20569a0, 0x00000128b208f530, 0x00000128b2097010,
0x00000128b2098160, 0x00000128b20992b0, 0x00000128b209dce0, 0x00000128b2c00080,
0x00000128b2c04a10, 0x00000128b2d5ca30, 0x00000128b2d68bd0, 0x00000128b6c9b840,
0x00000128b6cb9d30, 0x00000128b475e030, 0x00000128b9120890, 0x00000128b7d5b370,
0x00000128b7d59b60, 0x00000128b7d5a500, 0x00000128b7d5b840, 0x00000128b7d5aea0,
0x00000128b7d5bd10, 0x00000128b7d5c1e0, 0x00000128b7d5a030, 0x00000128b7d5a9d0,
0x00000128b7d58820, 0x00000128b7d58cf0, 0x00000128b7d59690, 0x00000128b44b5870,
0x00000128b44ba0a0, 0x00000128b44b8890, 0x00000128b44ba570, 0x00000128b44b7080
}

Java Threads: ( => current thread )
  0x00000128b2053380 JavaThread "Reference Handler" daemon [_thread_blocked, id=13648, stack(0x00000012d5400000,0x00000012d5500000)]
  0x00000128b20569a0 JavaThread "Finalizer" daemon [_thread_blocked, id=9256, stack(0x00000012d5500000,0x00000012d5600000)]
  0x00000128b208f530 JavaThread "Signal Dispatcher" daemon [_thread_blocked, id=8576, stack(0x00000012d5600000,0x00000012d5700000)]
  0x00000128b2097010 JavaThread "Attach Listener" daemon [_thread_blocked, id=13528, stack(0x00000012d5700000,0x00000012d5800000)]
  0x00000128b2098160 JavaThread "Service Thread" daemon [_thread_blocked, id=15228, stack(0x00000012d5800000,0x00000012d5900000)]
  0x00000128b20992b0 JavaThread "Monitor Deflation Thread" daemon [_thread_blocked, id=17168, stack(0x00000012d5900000,0x00000012d5a00000)]
  0x00000128b209dce0 JavaThread "C2 CompilerThread0" daemon [_thread_blocked, id=10956, stack(0x00000012d5a00000,0x00000012d5b00000)]
  0x00000128b2c00080 JavaThread "C1 CompilerThread0" daemon [_thread_blocked, id=5732, stack(0x00000012d5b00000,0x00000012d5c00000)]
  0x00000128b2c04a10 JavaThread "Sweeper thread" daemon [_thread_blocked, id=10816, stack(0x00000012d5c00000,0x00000012d5d00000)]
  0x00000128b2d5ca30 JavaThread "Notification Thread" daemon [_thread_blocked, id=7444, stack(0x00000012d5d00000,0x00000012d5e00000)]
  0x00000128b2d68bd0 JavaThread "Common-Cleaner" daemon [_thread_blocked, id=6416, stack(0x00000012d5f00000,0x00000012d6000000)]
  0x00000128b6c9b840 JavaThread "Catalina-utility-1" [_thread_blocked, id=1712, stack(0x00000012d6700000,0x00000012d6800000)]
  0x00000128b6cb9d30 JavaThread "Catalina-utility-2" [_thread_blocked, id=15748, stack(0x00000012d6800000,0x00000012d6900000)]
  0x00000128b475e030 JavaThread "container-0" [_thread_blocked, id=7480, stack(0x00000012d6900000,0x00000012d6a00000)]
  0x00000128b9120890 JavaThread "mysql-cj-abandoned-connection-cleanup" daemon [_thread_blocked, id=6576, stack(0x00000012d6a00000,0x00000012d6b00000)]
  0x00000128b7d5b370 JavaThread "HikariPool-1 housekeeper" daemon [_thread_blocked, id=316, stack(0x00000012d6c00000,0x00000012d6d00000)]
  0x00000128b7d59b60 JavaThread "File Watcher" daemon [_thread_blocked, id=2472, stack(0x00000012d6d00000,0x00000012d6e00000)]
  0x00000128b7d5a500 JavaThread "Live Reload Server" daemon [_thread_in_native, id=9052, stack(0x00000012d6f00000,0x00000012d7000000)]
  0x00000128b7d5b840 JavaThread "http-nio-8080-exec-1" daemon [_thread_blocked, id=3868, stack(0x00000012d6e00000,0x00000012d6f00000)]
  0x00000128b7d5aea0 JavaThread "http-nio-8080-exec-2" daemon [_thread_blocked, id=3064, stack(0x00000012d7000000,0x00000012d7100000)]
  0x00000128b7d5bd10 JavaThread "http-nio-8080-exec-3" daemon [_thread_blocked, id=13812, stack(0x00000012d7100000,0x00000012d7200000)]
  0x00000128b7d5c1e0 JavaThread "http-nio-8080-exec-4" daemon [_thread_blocked, id=9452, stack(0x00000012d7200000,0x00000012d7300000)]
  0x00000128b7d5a030 JavaThread "http-nio-8080-exec-5" daemon [_thread_blocked, id=11116, stack(0x00000012d7300000,0x00000012d7400000)]
  0x00000128b7d5a9d0 JavaThread "http-nio-8080-exec-6" daemon [_thread_blocked, id=9668, stack(0x00000012d7400000,0x00000012d7500000)]
  0x00000128b7d58820 JavaThread "http-nio-8080-exec-7" daemon [_thread_blocked, id=4092, stack(0x00000012d7500000,0x00000012d7600000)]
  0x00000128b7d58cf0 JavaThread "http-nio-8080-exec-8" daemon [_thread_blocked, id=10340, stack(0x00000012d7600000,0x00000012d7700000)]
  0x00000128b7d59690 JavaThread "http-nio-8080-exec-9" daemon [_thread_blocked, id=15656, stack(0x00000012d7700000,0x00000012d7800000)]
  0x00000128b44b5870 JavaThread "http-nio-8080-exec-10" daemon [_thread_blocked, id=11564, stack(0x00000012d7800000,0x00000012d7900000)]
  0x00000128b44ba0a0 JavaThread "http-nio-8080-Poller" daemon [_thread_blocked, id=5544, stack(0x00000012d7900000,0x00000012d7a00000)]
  0x00000128b44b8890 JavaThread "http-nio-8080-Acceptor" daemon [_thread_in_native, id=13652, stack(0x00000012d7a00000,0x00000012d7b00000)]
  0x00000128b44ba570 JavaThread "DestroyJavaVM" [_thread_blocked, id=8568, stack(0x00000012d4d00000,0x00000012d4e00000)]
  0x00000128b44b7080 JavaThread "HikariPool-1 connection adder" daemon [_thread_blocked, id=13516, stack(0x00000012d4a00000,0x00000012d4b00000)]

Other Threads:
=>0x00000128b2039910 VMThread "VM Thread" [stack: 0x00000012d5300000,0x00000012d5400000] [id=15396]
  0x00000128994126d0 WatcherThread [stack: 0x00000012d5e00000,0x00000012d5f00000] [id=11752]
  0x00000128993f96e0 GCTaskThread "GC Thread#0" [stack: 0x00000012d4e00000,0x00000012d4f00000] [id=11320]
  0x00000128b375f1c0 GCTaskThread "GC Thread#1" [stack: 0x00000012d6100000,0x00000012d6200000] [id=15540]
  0x00000128b375f470 GCTaskThread "GC Thread#2" [stack: 0x00000012d6200000,0x00000012d6300000] [id=11756]
  0x00000128b362dd80 GCTaskThread "GC Thread#3" [stack: 0x00000012d6300000,0x00000012d6400000] [id=11864]
  0x000001289940a2e0 ConcurrentGCThread "G1 Main Marker" [stack: 0x00000012d4f00000,0x00000012d5000000] [id=12956]
  0x000001289940b490 ConcurrentGCThread "G1 Conc#0" [stack: 0x00000012d5000000,0x00000012d5100000] [id=8924]
  0x00000128994639e0 ConcurrentGCThread "G1 Refine#0" [stack: 0x00000012d5100000,0x00000012d5200000] [id=7196]
  0x00000128b329cad0 ConcurrentGCThread "G1 Refine#1" [stack: 0x00000012d6400000,0x00000012d6500000] [id=1420]
  0x0000012899464400 ConcurrentGCThread "G1 Service" [stack: 0x00000012d5200000,0x00000012d5300000] [id=4720]

Threads with active compile tasks:
C2 CompilerThread0  1550279 10986   !   4       org.apache.catalina.connector.CoyoteAdapter::service (908 bytes)

VM state: at safepoint (normal execution)

VM Mutex/Monitor currently owned by a thread:  ([mutex/lock_event])
[0x0000012899390030] Threads_lock - owner thread: 0x00000128b2039910
[0x00000128993906f0] Heap_lock - owner thread: 0x000001289940a2e0

Heap address: 0x0000000081a00000, size: 2022 MB, Compressed Oops mode: 32-bit

CDS archive(s) not mapped
Compressed class space mapped at: 0x0000000100000000-0x0000000140000000, reserved size: 1073741824
Narrow klass base: 0x0000000000000000, Narrow klass shift: 3, Narrow klass range: 0x140000000

GC Precious Log:
 CPUs: 4 total, 4 available
 Memory: 8083M
 Large Page Support: Disabled
 NUMA Support: Disabled
 Compressed Oops: Enabled (32-bit)
 Heap Region Size: 1M
 Heap Min Capacity: 8M
 Heap Initial Capacity: 128M
 Heap Max Capacity: 2022M
 Pre-touch: Disabled
 Parallel Workers: 4
 Concurrent Workers: 1
 Concurrent Refinement Workers: 4
 Periodic GC: Disabled

Heap:
 garbage-first heap   total 53248K, used 29914K [0x0000000081a00000, 0x0000000100000000)
  region size 1024K, 3 young (3072K), 1 survivors (1024K)
 Metaspace       used 70597K, committed 71040K, reserved 1114112K
  class space    used 8780K, committed 9024K, reserved 1048576K

Heap Regions: E=young(eden), S=young(survivor), O=old, HS=humongous(starts), HC=humongous(continues), CS=collection set, F=free, OA=open archive, CA=closed archive, TAMS=top-at-mark-start (previous, next)
|   0|0x0000000081a00000, 0x0000000081b00000, 0x0000000081b00000|100%|HS|  |TAMS 0x0000000081b00000, 0x0000000081a00000| Complete 
|   1|0x0000000081b00000, 0x0000000081c00000, 0x0000000081c00000|100%| O|  |TAMS 0x0000000081c00000, 0x0000000081b00000| Untracked 
|   2|0x0000000081c00000, 0x0000000081d00000, 0x0000000081d00000|100%| O|  |TAMS 0x0000000081d00000, 0x0000000081c00000| Untracked 
|   3|0x0000000081d00000, 0x0000000081e00000, 0x0000000081e00000|100%| O|  |TAMS 0x0000000081e00000, 0x0000000081d00000| Untracked 
|   4|0x0000000081e00000, 0x0000000081f00000, 0x0000000081f00000|100%| O|  |TAMS 0x0000000081f00000, 0x0000000081e00000| Untracked 
|   5|0x0000000081f00000, 0x0000000082000000, 0x0000000082000000|100%| O|  |TAMS 0x0000000082000000, 0x0000000081f00000| Untracked 
|   6|0x0000000082000000, 0x0000000082100000, 0x0000000082100000|100%| O|  |TAMS 0x0000000082100000, 0x0000000082000000| Updating 
|   7|0x0000000082100000, 0x0000000082200000, 0x0000000082200000|100%| O|  |TAMS 0x0000000082200000, 0x0000000082100000| Untracked 
|   8|0x0000000082200000, 0x0000000082300000, 0x0000000082300000|100%| O|  |TAMS 0x0000000082300000, 0x0000000082200000| Updating 
|   9|0x0000000082300000, 0x0000000082312200, 0x0000000082400000|  7%| O|  |TAMS 0x0000000082311800, 0x0000000082300000| Updating 
|  10|0x0000000082400000, 0x0000000082500000, 0x0000000082500000|100%| O|  |TAMS 0x0000000082500000, 0x0000000082400000| Untracked 
|  11|0x0000000082500000, 0x0000000082600000, 0x0000000082600000|100%| O|  |TAMS 0x0000000082600000, 0x0000000082500000| Updating 
|  12|0x0000000082600000, 0x0000000082700000, 0x0000000082700000|100%| O|  |TAMS 0x0000000082700000, 0x0000000082600000| Updating 
|  13|0x0000000082700000, 0x0000000082800000, 0x0000000082800000|100%| O|  |TAMS 0x0000000082800000, 0x0000000082700000| Untracked 
|  14|0x0000000082800000, 0x0000000082900000, 0x0000000082900000|100%| O|  |TAMS 0x0000000082900000, 0x0000000082800000| Untracked 
|  15|0x0000000082900000, 0x0000000082a00000, 0x0000000082a00000|100%| O|  |TAMS 0x0000000082a00000, 0x0000000082900000| Updating 
|  16|0x0000000082a00000, 0x0000000082b00000, 0x0000000082b00000|100%| O|  |TAMS 0x0000000082b00000, 0x0000000082a00000| Untracked 
|  17|0x0000000082b00000, 0x0000000082c00000, 0x0000000082c00000|100%| O|  |TAMS 0x0000000082c00000, 0x0000000082b00000| Untracked 
|  18|0x0000000082c00000, 0x0000000082d00000, 0x0000000082d00000|100%| O|  |TAMS 0x0000000082d00000, 0x0000000082c00000| Untracked 
|  19|0x0000000082d00000, 0x0000000082e00000, 0x0000000082e00000|100%| O|  |TAMS 0x0000000082e00000, 0x0000000082d00000| Untracked 
|  20|0x0000000082e00000, 0x0000000082f00000, 0x0000000082f00000|100%| O|  |TAMS 0x0000000082f00000, 0x0000000082e00000| Untracked 
|  21|0x0000000082f00000, 0x0000000083000000, 0x0000000083000000|100%| O|  |TAMS 0x0000000083000000, 0x0000000082f00000| Untracked 
|  22|0x0000000083000000, 0x0000000083100000, 0x0000000083100000|100%| O|  |TAMS 0x0000000083100000, 0x0000000083000000| Updating 
|  23|0x0000000083100000, 0x0000000083200000, 0x0000000083200000|100%| O|  |TAMS 0x0000000083200000, 0x0000000083100000| Updating 
|  24|0x0000000083200000, 0x0000000083300000, 0x0000000083300000|100%| O|  |TAMS 0x0000000083300000, 0x0000000083200000| Updating 
|  25|0x0000000083300000, 0x0000000083400000, 0x0000000083400000|100%| O|  |TAMS 0x0000000083400000, 0x0000000083300000| Untracked 
|  26|0x0000000083400000, 0x0000000083500000, 0x0000000083500000|100%| O|  |TAMS 0x0000000083500000, 0x0000000083400000| Untracked 
|  27|0x0000000083500000, 0x0000000083600000, 0x0000000083600000|100%| O|  |TAMS 0x0000000083600000, 0x0000000083500000| Untracked 
|  28|0x0000000083600000, 0x0000000083700000, 0x0000000083700000|100%| O|  |TAMS 0x0000000083700000, 0x0000000083600000| Untracked 
|  29|0x0000000083700000, 0x0000000083700000, 0x0000000083800000|  0%| F|  |TAMS 0x0000000083700000, 0x0000000083700000| Untracked 
|  30|0x0000000083800000, 0x0000000083800000, 0x0000000083900000|  0%| F|  |TAMS 0x0000000083800000, 0x0000000083800000| Untracked 
|  31|0x0000000083900000, 0x0000000083900000, 0x0000000083a00000|  0%| F|  |TAMS 0x0000000083900000, 0x0000000083900000| Untracked 
|  32|0x0000000083a00000, 0x0000000083a00000, 0x0000000083b00000|  0%| F|  |TAMS 0x0000000083a00000, 0x0000000083a00000| Untracked 
|  33|0x0000000083b00000, 0x0000000083b00000, 0x0000000083c00000|  0%| F|  |TAMS 0x0000000083b00000, 0x0000000083b00000| Untracked 
|  34|0x0000000083c00000, 0x0000000083c00000, 0x0000000083d00000|  0%| F|  |TAMS 0x0000000083c00000, 0x0000000083c00000| Untracked 
|  35|0x0000000083d00000, 0x0000000083d24778, 0x0000000083e00000| 14%| S|CS|TAMS 0x0000000083d00000, 0x0000000083d00000| Complete 
|  36|0x0000000083e00000, 0x0000000083e00000, 0x0000000083f00000|  0%| F|  |TAMS 0x0000000083e00000, 0x0000000083e00000| Untracked 
|  37|0x0000000083f00000, 0x0000000083f00000, 0x0000000084000000|  0%| F|  |TAMS 0x0000000083f00000, 0x0000000083f00000| Untracked 
|  38|0x0000000084000000, 0x0000000084000000, 0x0000000084100000|  0%| F|  |TAMS 0x0000000084000000, 0x0000000084000000| Untracked 
|  39|0x0000000084100000, 0x0000000084100000, 0x0000000084200000|  0%| F|  |TAMS 0x0000000084100000, 0x0000000084100000| Untracked 
|  40|0x0000000084200000, 0x0000000084200000, 0x0000000084300000|  0%| F|  |TAMS 0x0000000084200000, 0x0000000084200000| Untracked 
|  41|0x0000000084300000, 0x0000000084300000, 0x0000000084400000|  0%| F|  |TAMS 0x0000000084300000, 0x0000000084300000| Untracked 
|  42|0x0000000084400000, 0x0000000084400000, 0x0000000084500000|  0%| F|  |TAMS 0x0000000084400000, 0x0000000084400000| Untracked 
|  43|0x0000000084500000, 0x0000000084500000, 0x0000000084600000|  0%| F|  |TAMS 0x0000000084500000, 0x0000000084500000| Untracked 
|  44|0x0000000084600000, 0x0000000084600000, 0x0000000084700000|  0%| F|  |TAMS 0x0000000084600000, 0x0000000084600000| Untracked 
|  45|0x0000000084700000, 0x0000000084700000, 0x0000000084800000|  0%| F|  |TAMS 0x0000000084700000, 0x0000000084700000| Untracked 
|  46|0x0000000084800000, 0x0000000084800000, 0x0000000084900000|  0%| F|  |TAMS 0x0000000084800000, 0x0000000084800000| Untracked 
|  47|0x0000000084900000, 0x0000000084900000, 0x0000000084a00000|  0%| F|  |TAMS 0x0000000084900000, 0x0000000084900000| Untracked 
| 120|0x0000000089200000, 0x0000000089200000, 0x0000000089300000|  0%| F|  |TAMS 0x0000000089200000, 0x0000000089200000| Untracked 
| 121|0x0000000089300000, 0x0000000089300000, 0x0000000089400000|  0%| F|  |TAMS 0x0000000089300000, 0x0000000089300000| Untracked 
| 122|0x0000000089400000, 0x00000000894d9e78, 0x0000000089500000| 85%| E|  |TAMS 0x0000000089400000, 0x0000000089400000| Complete 
| 127|0x0000000089900000, 0x0000000089a00000, 0x0000000089a00000|100%| E|CS|TAMS 0x0000000089900000, 0x0000000089900000| Complete 

Card table byte_map: [0x00000128ab430000,0x00000128ab830000] _byte_map_base: 0x00000128ab023000

Marking Bits (Prev, Next): (CMBitMap*) 0x00000128993f9d30, (CMBitMap*) 0x00000128993f9cf0
 Prev Bits: [0x00000128adbd0000, 0x00000128afb68000)
 Next Bits: [0x00000128abc30000, 0x00000128adbc8000)

Polling page: 0x0000012897520000

Metaspace:

Usage:
  Non-class:     60.37 MB used.
      Class:      8.57 MB used.
       Both:     68.94 MB used.

Virtual space:
  Non-class space:       64.00 MB reserved,      60.56 MB ( 95%) committed,  8 nodes.
      Class space:        1.00 GB reserved,       8.81 MB ( <1%) committed,  1 nodes.
             Both:        1.06 GB reserved,      69.38 MB (  6%) committed. 

Chunk freelists:
   Non-Class:  3.02 MB
       Class:  3.05 MB
        Both:  6.06 MB

MaxMetaspaceSize: unlimited
CompressedClassSpaceSize: 1.00 GB
Initial GC threshold: 21.00 MB
Current GC threshold: 115.62 MB
CDS: off
MetaspaceReclaimPolicy: balanced
 - commit_granule_bytes: 65536.
 - commit_granule_words: 8192.
 - virtual_space_node_default_size: 1048576.
 - enlarge_chunks_in_place: 1.
 - new_chunks_are_fully_committed: 0.
 - uncommit_free_chunks: 1.
 - use_allocation_guard: 0.
 - handle_deallocations: 1.


Internal statistics:

num_allocs_failed_limit: 6.
num_arena_births: 542.
num_arena_deaths: 0.
num_vsnodes_births: 9.
num_vsnodes_deaths: 0.
num_space_committed: 1110.
num_space_uncommitted: 0.
num_chunks_returned_to_freelist: 6.
num_chunks_taken_from_freelist: 2825.
num_chunk_merges: 6.
num_chunk_splits: 1945.
num_chunks_enlarged: 1486.
num_purges: 0.
num_inconsistent_stats: 0.

CodeHeap 'non-profiled nmethods': size=120000Kb used=9633Kb max_used=9633Kb free=110367Kb
 bounds [0x00000128a3b00000, 0x00000128a4470000, 0x00000128ab030000]
CodeHeap 'profiled nmethods': size=120000Kb used=15943Kb max_used=20018Kb free=104056Kb
 bounds [0x000001289c5d0000, 0x000001289d990000, 0x00000128a3b00000]
CodeHeap 'non-nmethods': size=5760Kb used=1335Kb max_used=1393Kb free=4424Kb
 bounds [0x000001289c030000, 0x000001289c2a0000, 0x000001289c5d0000]
 total_blobs=9483 nmethods=8826 adapters=568
 compilation: enabled
              stopped_count=0, restarted_count=0
 full_count=0

Compilation events (20 events):
Event: 1549.927 Thread 0x00000128b2c00080 nmethod 10981 0x000001289d358e90 code [0x000001289d359a40, 0x000001289d360448]
Event: 1549.927 Thread 0x00000128b2c00080 10978   !   3       com.mysql.cj.jdbc.ClientPreparedStatement::executeQuery (345 bytes)
Event: 1549.931 Thread 0x00000128b2c00080 nmethod 10978 0x000001289ccc3b90 code [0x000001289ccc4040, 0x000001289ccc6b78]
Event: 1549.932 Thread 0x00000128b209dce0 10985       4       org.apache.coyote.Request::setRequestThread (11 bytes)
Event: 1549.933 Thread 0x00000128b209dce0 nmethod 10985 0x00000128a4468110 code [0x00000128a4468280, 0x00000128a4468318]
Event: 1549.935 Thread 0x00000128b209dce0 10986   !   4       org.apache.catalina.connector.CoyoteAdapter::service (908 bytes)
Event: 1549.960 Thread 0x00000128b2c00080 10988   !   3       org.apache.coyote.http11.Http11Processor::service (1248 bytes)
Event: 1549.974 Thread 0x00000128b2c00080 nmethod 10988 0x000001289d3d4610 code [0x000001289d3d5140, 0x000001289d3dd808]
Event: 1549.974 Thread 0x00000128b2c00080 10989       3       org.apache.coyote.http11.Http11Processor::setSocketWrapper (22 bytes)
Event: 1549.974 Thread 0x00000128b2c00080 nmethod 10989 0x000001289ca09f10 code [0x000001289ca0a0c0, 0x000001289ca0a308]
Event: 1549.978 Thread 0x00000128b2c00080 10991       2       org.apache.catalina.core.ApplicationFilterFactory::createFilterChain (344 bytes)
Event: 1549.980 Thread 0x00000128b2c00080 nmethod 10991 0x000001289d209710 code [0x000001289d2099c0, 0x000001289d20a608]
Event: 1549.984 Thread 0x00000128b2c00080 10993       3       org.apache.catalina.core.StandardContext::findFilterMaps (8 bytes)
Event: 1549.984 Thread 0x00000128b2c00080 nmethod 10993 0x000001289ca99b90 code [0x000001289ca99d40, 0x000001289ca99f98]
Event: 1549.984 Thread 0x00000128b2c00080 10994   !   3       org.apache.catalina.core.StandardContext$ContextFilterMaps::asArray (19 bytes)
Event: 1549.984 Thread 0x00000128b2c00080 nmethod 10994 0x000001289cab8590 code [0x000001289cab8720, 0x000001289cab8918]
Event: 1549.990 Thread 0x00000128b2c00080 10996       3       org.apache.tomcat.util.buf.B2CConverter::convert (452 bytes)
Event: 1549.995 Thread 0x00000128b2c00080 nmethod 10996 0x000001289c62eb90 code [0x000001289c62f0e0, 0x000001289c632198]
Event: 1550.019 Thread 0x00000128b2c00080 10997   !   3       org.springframework.http.converter.json.AbstractJackson2HttpMessageConverter::writeInternal (481 bytes)
Event: 1550.028 Thread 0x00000128b2c00080 nmethod 10997 0x000001289cf54010 code [0x000001289cf54820, 0x000001289cf58c18]

GC Heap History (20 events):
Event: 1524.564 GC heap before
{Heap before GC invocations=155 (full 0):
 garbage-first heap   total 53248K, used 44120K [0x0000000081a00000, 0x0000000100000000)
  region size 1024K, 16 young (16384K), 1 survivors (1024K)
 Metaspace       used 70594K, committed 71040K, reserved 1114112K
  class space    used 8780K, committed 9024K, reserved 1048576K
}
Event: 1524.565 GC heap after
{Heap after GC invocations=156 (full 0):
 garbage-first heap   total 53248K, used 28751K [0x0000000081a00000, 0x0000000100000000)
  region size 1024K, 1 young (1024K), 1 survivors (1024K)
 Metaspace       used 70594K, committed 71040K, reserved 1114112K
  class space    used 8780K, committed 9024K, reserved 1048576K
}
Event: 1526.920 GC heap before
{Heap before GC invocations=156 (full 0):
 garbage-first heap   total 53248K, used 44111K [0x0000000081a00000, 0x0000000100000000)
  region size 1024K, 16 young (16384K), 1 survivors (1024K)
 Metaspace       used 70594K, committed 71040K, reserved 1114112K
  class space    used 8780K, committed 9024K, reserved 1048576K
}
Event: 1526.922 GC heap after
{Heap after GC invocations=157 (full 0):
 garbage-first heap   total 53248K, used 28765K [0x0000000081a00000, 0x0000000100000000)
  region size 1024K, 1 young (1024K), 1 survivors (1024K)
 Metaspace       used 70594K, committed 71040K, reserved 1114112K
  class space    used 8780K, committed 9024K, reserved 1048576K
}
Event: 1529.754 GC heap before
{Heap before GC invocations=158 (full 0):
 garbage-first heap   total 53248K, used 44125K [0x0000000081a00000, 0x0000000100000000)
  region size 1024K, 16 young (16384K), 1 survivors (1024K)
 Metaspace       used 70595K, committed 71040K, reserved 1114112K
  class space    used 8780K, committed 9024K, reserved 1048576K
}
Event: 1529.755 GC heap after
{Heap after GC invocations=159 (full 0):
 garbage-first heap   total 53248K, used 28761K [0x0000000081a00000, 0x0000000100000000)
  region size 1024K, 1 young (1024K), 1 survivors (1024K)
 Metaspace       used 70595K, committed 71040K, reserved 1114112K
  class space    used 8780K, committed 9024K, reserved 1048576K
}
Event: 1532.294 GC heap before
{Heap before GC invocations=159 (full 0):
 garbage-first heap   total 53248K, used 44121K [0x0000000081a00000, 0x0000000100000000)
  region size 1024K, 16 young (16384K), 1 survivors (1024K)
 Metaspace       used 70595K, committed 71040K, reserved 1114112K
  class space    used 8780K, committed 9024K, reserved 1048576K
}
Event: 1532.296 GC heap after
{Heap after GC invocations=160 (full 0):
 garbage-first heap   total 53248K, used 28784K [0x0000000081a00000, 0x0000000100000000)
  region size 1024K, 1 young (1024K), 1 survivors (1024K)
 Metaspace       used 70595K, committed 71040K, reserved 1114112K
  class space    used 8780K, committed 9024K, reserved 1048576K
}
Event: 1535.144 GC heap before
{Heap before GC invocations=161 (full 0):
 garbage-first heap   total 53248K, used 44144K [0x0000000081a00000, 0x0000000100000000)
  region size 1024K, 16 young (16384K), 1 survivors (1024K)
 Metaspace       used 70597K, committed 71040K, reserved 1114112K
  class space    used 8780K, committed 9024K, reserved 1048576K
}
Event: 1535.145 GC heap after
{Heap after GC invocations=162 (full 0):
 garbage-first heap   total 53248K, used 28760K [0x0000000081a00000, 0x0000000100000000)
  region size 1024K, 1 young (1024K), 1 survivors (1024K)
 Metaspace       used 70597K, committed 71040K, reserved 1114112K
  class space    used 8780K, committed 9024K, reserved 1048576K
}
Event: 1538.028 GC heap before
{Heap before GC invocations=162 (full 0):
 garbage-first heap   total 53248K, used 44120K [0x0000000081a00000, 0x0000000100000000)
  region size 1024K, 16 young (16384K), 1 survivors (1024K)
 Metaspace       used 70597K, committed 71040K, reserved 1114112K
  class space    used 8780K, committed 9024K, reserved 1048576K
}
Event: 1538.030 GC heap after
{Heap after GC invocations=163 (full 0):
 garbage-first heap   total 53248K, used 28766K [0x0000000081a00000, 0x0000000100000000)
  region size 1024K, 1 young (1024K), 1 survivors (1024K)
 Metaspace       used 70597K, committed 71040K, reserved 1114112K
  class space    used 8780K, committed 9024K, reserved 1048576K
}
Event: 1541.041 GC heap before
{Heap before GC invocations=164 (full 0):
 garbage-first heap   total 53248K, used 44126K [0x0000000081a00000, 0x0000000100000000)
  region size 1024K, 16 young (16384K), 1 survivors (1024K)
 Metaspace       used 70597K, committed 71040K, reserved 1114112K
  class space    used 8780K, committed 9024K, reserved 1048576K
}
Event: 1541.042 GC heap after
{Heap after GC invocations=165 (full 0):
 garbage-first heap   total 53248K, used 28768K [0x0000000081a00000, 0x0000000100000000)
  region size 1024K, 1 young (1024K), 1 survivors (1024K)
 Metaspace       used 70597K, committed 71040K, reserved 1114112K
  class space    used 8780K, committed 9024K, reserved 1048576K
}
Event: 1543.891 GC heap before
{Heap before GC invocations=165 (full 0):
 garbage-first heap   total 53248K, used 44128K [0x0000000081a00000, 0x0000000100000000)
  region size 1024K, 16 young (16384K), 1 survivors (1024K)
 Metaspace       used 70597K, committed 71040K, reserved 1114112K
  class space    used 8780K, committed 9024K, reserved 1048576K
}
Event: 1543.892 GC heap after
{Heap after GC invocations=166 (full 0):
 garbage-first heap   total 53248K, used 28782K [0x0000000081a00000, 0x0000000100000000)
  region size 1024K, 1 young (1024K), 1 survivors (1024K)
 Metaspace       used 70597K, committed 71040K, reserved 1114112K
  class space    used 8780K, committed 9024K, reserved 1048576K
}
Event: 1549.500 GC heap before
{Heap before GC invocations=167 (full 0):
 garbage-first heap   total 53248K, used 44142K [0x0000000081a00000, 0x0000000100000000)
  region size 1024K, 16 young (16384K), 1 survivors (1024K)
 Metaspace       used 70597K, committed 71040K, reserved 1114112K
  class space    used 8780K, committed 9024K, reserved 1048576K
}
Event: 1549.501 GC heap after
{Heap after GC invocations=168 (full 0):
 garbage-first heap   total 53248K, used 28758K [0x0000000081a00000, 0x0000000100000000)
  region size 1024K, 1 young (1024K), 1 survivors (1024K)
 Metaspace       used 70597K, committed 71040K, reserved 1114112K
  class space    used 8780K, committed 9024K, reserved 1048576K
}
Event: 1549.936 GC heap before
{Heap before GC invocations=168 (full 0):
 garbage-first heap   total 53248K, used 44118K [0x0000000081a00000, 0x0000000100000000)
  region size 1024K, 16 young (16384K), 1 survivors (1024K)
 Metaspace       used 70597K, committed 71040K, reserved 1114112K
  class space    used 8780K, committed 9024K, reserved 1048576K
}
Event: 1549.938 GC heap after
{Heap after GC invocations=169 (full 0):
 garbage-first heap   total 53248K, used 28890K [0x0000000081a00000, 0x0000000100000000)
  region size 1024K, 1 young (1024K), 1 survivors (1024K)
 Metaspace       used 70597K, committed 71040K, reserved 1114112K
  class space    used 8780K, committed 9024K, reserved 1048576K
}

Deoptimization events (20 events):
Event: 1549.687 Thread 0x00000128b7d58cf0 Uncommon trap: trap_request=0xffffff45 fr.pc=0x00000128a408fb30 relative=0x0000000000000290
Event: 1549.687 Thread 0x00000128b7d58cf0 Uncommon trap: reason=unstable_if action=reinterpret pc=0x00000128a408fb30 method=org.apache.catalina.core.ApplicationFilterChain.addFilter(Lorg/apache/catalina/core/ApplicationFilterConfig;)V @ 45 c2
Event: 1549.687 Thread 0x00000128b7d58cf0 DEOPT PACKING pc=0x00000128a408fb30 sp=0x00000012d76fe730
Event: 1549.687 Thread 0x00000128b7d58cf0 DEOPT UNPACKING pc=0x000001289c0823a3 sp=0x00000012d76fe6d8 mode 2
Event: 1549.687 Thread 0x00000128b7d58cf0 Uncommon trap: trap_request=0xffffff45 fr.pc=0x00000128a4378050 relative=0x0000000000000a70
Event: 1549.687 Thread 0x00000128b7d58cf0 Uncommon trap: reason=unstable_if action=reinterpret pc=0x00000128a4378050 method=org.apache.catalina.connector.Response.getResponse()Ljavax/servlet/http/HttpServletResponse; @ 4 c2
Event: 1549.687 Thread 0x00000128b7d58cf0 DEOPT PACKING pc=0x00000128a4378050 sp=0x00000012d76fe880
Event: 1549.687 Thread 0x00000128b7d58cf0 DEOPT UNPACKING pc=0x000001289c0823a3 sp=0x00000012d76fe788 mode 2
Event: 1549.725 Thread 0x00000128b7d58cf0 Uncommon trap: trap_request=0xffffff45 fr.pc=0x00000128a3fd437c relative=0x00000000000000dc
Event: 1549.725 Thread 0x00000128b7d58cf0 Uncommon trap: reason=unstable_if action=reinterpret pc=0x00000128a3fd437c method=com.mysql.cj.protocol.a.NativeProtocol.getCommandBuilder()Lcom/mysql/cj/protocol/a/NativeMessageBuilder; @ 4 c2
Event: 1549.725 Thread 0x00000128b7d58cf0 DEOPT PACKING pc=0x00000128a3fd437c sp=0x00000012d76fd050
Event: 1549.725 Thread 0x00000128b7d58cf0 DEOPT UNPACKING pc=0x000001289c0823a3 sp=0x00000012d76fcf40 mode 2
Event: 1549.729 Thread 0x00000128b7d58cf0 Uncommon trap: trap_request=0xffffff45 fr.pc=0x00000128a4442cec relative=0x0000000000002cac
Event: 1549.729 Thread 0x00000128b7d58cf0 Uncommon trap: reason=unstable_if action=reinterpret pc=0x00000128a4442cec method=org.apache.catalina.connector.Response.getOutputStream()Ljavax/servlet/ServletOutputStream; @ 32 c2
Event: 1549.729 Thread 0x00000128b7d58cf0 DEOPT PACKING pc=0x00000128a4442cec sp=0x00000012d76fdb10
Event: 1549.729 Thread 0x00000128b7d58cf0 DEOPT UNPACKING pc=0x000001289c0823a3 sp=0x00000012d76fd980 mode 2
Event: 1549.765 Thread 0x00000128b7d5b840 Uncommon trap: trap_request=0xffffff45 fr.pc=0x00000128a40941dc relative=0x0000000000000e7c
Event: 1549.765 Thread 0x00000128b7d5b840 Uncommon trap: reason=unstable_if action=reinterpret pc=0x00000128a40941dc method=org.apache.coyote.http11.Http11InputBuffer.parseRequestLine(ZII)Z @ 72 c2
Event: 1549.765 Thread 0x00000128b7d5b840 DEOPT PACKING pc=0x00000128a40941dc sp=0x00000012d6efef10
Event: 1549.765 Thread 0x00000128b7d5b840 DEOPT UNPACKING pc=0x000001289c0823a3 sp=0x00000012d6efeed0 mode 2

Classes unloaded (0 events):
No events

Classes redefined (0 events):
No events

Internal exceptions (20 events):
Event: 48.693 Thread 0x00000128b7d5aea0 Exception <a 'java/io/IOException'{0x00000000843fdf08}> (0x00000000843fdf08) 
thrown [s\src\hotspot\share\prims\jni.cpp, line 516]
Event: 65.988 Thread 0x00000128b7d5c1e0 Exception <a 'java/lang/NoSuchMethodError'{0x0000000089367700}: 'java.lang.Object java.lang.invoke.DirectMethodHandle$Holder.invokeStaticInit(java.lang.Object, java.lang.Object, java.lang.Object, java.lang.Object, java.lang.Object, java.lang.Object)'> (0x0000000089367700) 
thrown [s\src\hotspot\share\interpreter\linkResolver.cpp, line 759]
Event: 108.804 Thread 0x00000128b7d5a030 Exception <a 'java/lang/ClassNotFoundException'{0x00000000843045c0}: java/lang/ObjectCustomizer> (0x00000000843045c0) 
thrown [s\src\hotspot\share\classfile\systemDictionary.cpp, line 256]
Event: 108.807 Thread 0x00000128b7d5a030 Exception <a 'java/lang/ClassNotFoundException'{0x0000000084311738}: com/example/for_angular_project/Entity/ProductCustomizer> (0x0000000084311738) 
thrown [s\src\hotspot\share\classfile\systemDictionary.cpp, line 256]
Event: 1250.165 Thread 0x00000128b7d5a9d0 Exception <a 'java/io/IOException'{0x00000000842a15e0}> (0x00000000842a15e0) 
thrown [s\src\hotspot\share\prims\jni.cpp, line 516]
Event: 1250.213 Thread 0x00000128b7d58cf0 Exception <a 'java/io/IOException'{0x00000000842ba038}> (0x00000000842ba038) 
thrown [s\src\hotspot\share\prims\jni.cpp, line 516]
Event: 1250.220 Thread 0x00000128b7d5c1e0 Exception <a 'java/io/IOException'{0x00000000842c93f0}> (0x00000000842c93f0) 
thrown [s\src\hotspot\share\prims\jni.cpp, line 516]
Event: 1250.224 Thread 0x00000128b44b5870 Implicit null exception at 0x00000128a3fd7293 to 0x00000128a3fdbe58
Event: 1250.225 Thread 0x00000128b44b5870 Implicit null exception at 0x00000128a3c38246 to 0x00000128a3c3911c
Event: 1258.202 Thread 0x00000128b7d58cf0 Implicit null exception at 0x00000128a3e8cbed to 0x00000128a3e8cc74
Event: 1258.284 Thread 0x00000128b44b5870 Implicit null exception at 0x00000128a3e8b6bc to 0x00000128a3e8bb78
Event: 1356.858 Thread 0x00000128b7d58820 Implicit null exception at 0x00000128a42f133d to 0x00000128a42f1ee0
Event: 1356.871 Thread 0x00000128b7d5bd10 Implicit null exception at 0x00000128a42f133d to 0x00000128a42f1ee0
Event: 1356.900 Thread 0x00000128b7d58cf0 Implicit null exception at 0x00000128a42f133d to 0x00000128a42f1ee0
Event: 1356.917 Thread 0x00000128b7d59690 Implicit null exception at 0x00000128a42f133d to 0x00000128a42f1ee0
Event: 1549.686 Thread 0x00000128b7d58cf0 Implicit null exception at 0x00000128a43ecb28 to 0x00000128a43eebf8
Event: 1549.686 Thread 0x00000128b7d58cf0 Implicit null exception at 0x00000128a43f29b4 to 0x00000128a43f5094
Event: 1549.687 Thread 0x00000128b7d58cf0 Implicit null exception at 0x00000128a429d3f6 to 0x00000128a42a1484
Event: 1549.687 Thread 0x00000128b7d58cf0 Implicit null exception at 0x00000128a4356c14 to 0x00000128a43572b8
Event: 1549.687 Thread 0x00000128b7d58cf0 Implicit null exception at 0x00000128a419359c to 0x00000128a41951d0

VM Operations (20 events):
Event: 1538.030 Executing VM operation: G1CollectForAllocation done
Event: 1538.124 Executing VM operation: G1Concurrent
Event: 1538.130 Executing VM operation: G1Concurrent done
Event: 1538.172 Executing VM operation: G1Concurrent
Event: 1538.172 Executing VM operation: G1Concurrent done
Event: 1540.193 Executing VM operation: Cleanup
Event: 1540.193 Executing VM operation: Cleanup done
Event: 1541.041 Executing VM operation: G1CollectForAllocation
Event: 1541.042 Executing VM operation: G1CollectForAllocation done
Event: 1543.891 Executing VM operation: G1CollectForAllocation
Event: 1543.892 Executing VM operation: G1CollectForAllocation done
Event: 1543.986 Executing VM operation: G1Concurrent
Event: 1543.992 Executing VM operation: G1Concurrent done
Event: 1544.037 Executing VM operation: G1Concurrent
Event: 1544.037 Executing VM operation: G1Concurrent done
Event: 1549.500 Executing VM operation: G1CollectForAllocation
Event: 1549.501 Executing VM operation: G1CollectForAllocation done
Event: 1549.936 Executing VM operation: G1CollectForAllocation
Event: 1549.944 Executing VM operation: G1CollectForAllocation done
Event: 1550.041 Executing VM operation: G1Concurrent

Events (20 events):
Event: 1356.763 Thread 0x00000128b2c04a10 flushing nmethod 0x000001289d794210
Event: 1356.763 Thread 0x00000128b2c04a10 flushing nmethod 0x000001289d7a1710
Event: 1356.763 Thread 0x00000128b2c04a10 flushing nmethod 0x000001289d7a2710
Event: 1356.763 Thread 0x00000128b2c04a10 flushing nmethod 0x000001289d7a6210
Event: 1356.763 Thread 0x00000128b2c04a10 flushing nmethod 0x000001289d7ab310
Event: 1356.763 Thread 0x00000128b2c04a10 flushing nmethod 0x000001289d7ac010
Event: 1356.763 Thread 0x00000128b2c04a10 flushing nmethod 0x000001289d7c3010
Event: 1356.763 Thread 0x00000128b2c04a10 flushing nmethod 0x000001289d7cda10
Event: 1356.763 Thread 0x00000128b2c04a10 flushing nmethod 0x000001289d7ce510
Event: 1356.763 Thread 0x00000128b2c04a10 flushing nmethod 0x000001289d7db110
Event: 1356.763 Thread 0x00000128b2c04a10 flushing nmethod 0x000001289d823490
Event: 1356.764 Thread 0x00000128b2c04a10 flushing nmethod 0x000001289d8ab590
Event: 1356.764 Thread 0x00000128b2c04a10 flushing nmethod 0x000001289d8bbe10
Event: 1356.764 Thread 0x00000128b2c04a10 flushing nmethod 0x000001289d8d0810
Event: 1356.764 Thread 0x00000128b2c04a10 flushing nmethod 0x000001289d8e2790
Event: 1356.764 Thread 0x00000128b2c04a10 flushing nmethod 0x000001289d8fd710
Event: 1356.764 Thread 0x00000128b2c04a10 flushing nmethod 0x000001289d951590
Event: 1395.438 Thread 0x00000128b2c04a10 flushing nmethod 0x000001289d7e5110
Event: 1395.439 Thread 0x00000128b2c04a10 flushing nmethod 0x000001289d8fa810
Event: 1549.338 Thread 0x00000128b44b7080 Thread added: 0x00000128b44b7080


Dynamic libraries:
0x00007ff68b230000 - 0x00007ff68b23e000 	C:\Users\pc\.vscode\extensions\redhat.java-1.10.0-win32-x64\jre\17.0.4-win32-x86_64\bin\java.exe
0x00007ffc95150000 - 0x00007ffc95348000 	C:\WINDOWS\SYSTEM32\ntdll.dll
0x00007ffc94e90000 - 0x00007ffc94f4d000 	C:\WINDOWS\System32\KERNEL32.DLL
0x00007ffc92ba0000 - 0x00007ffc92e6e000 	C:\WINDOWS\System32\KERNELBASE.dll
0x00007ffc930b0000 - 0x00007ffc931b0000 	C:\WINDOWS\System32\ucrtbase.dll
0x00007ffc82910000 - 0x00007ffc82929000 	C:\Users\pc\.vscode\extensions\redhat.java-1.10.0-win32-x64\jre\17.0.4-win32-x86_64\bin\VCRUNTIME140.dll
0x00007ffc74f40000 - 0x00007ffc74f58000 	C:\Users\pc\.vscode\extensions\redhat.java-1.10.0-win32-x64\jre\17.0.4-win32-x86_64\bin\jli.dll
0x00007ffc93f70000 - 0x00007ffc94110000 	C:\WINDOWS\System32\USER32.dll
0x00007ffc92ae0000 - 0x00007ffc92b02000 	C:\WINDOWS\System32\win32u.dll
0x00007ffc82b00000 - 0x00007ffc82d9a000 	C:\WINDOWS\WinSxS\amd64_microsoft.windows.common-controls_6595b64144ccf1df_6.0.19041.1110_none_60b5254171f9507e\COMCTL32.dll
0x00007ffc950e0000 - 0x00007ffc9510a000 	C:\WINDOWS\System32\GDI32.dll
0x00007ffc93c30000 - 0x00007ffc93cce000 	C:\WINDOWS\System32\msvcrt.dll
0x00007ffc92e70000 - 0x00007ffc92f7b000 	C:\WINDOWS\System32\gdi32full.dll
0x00007ffc92870000 - 0x00007ffc9290d000 	C:\WINDOWS\System32\msvcp_win.dll
0x00007ffc93490000 - 0x00007ffc934c0000 	C:\WINDOWS\System32\IMM32.DLL
0x00007ffc8c420000 - 0x00007ffc8c42c000 	C:\Users\pc\.vscode\extensions\redhat.java-1.10.0-win32-x64\jre\17.0.4-win32-x86_64\bin\vcruntime140_1.dll
0x00007ffc326c0000 - 0x00007ffc32751000 	C:\Users\pc\.vscode\extensions\redhat.java-1.10.0-win32-x64\jre\17.0.4-win32-x86_64\bin\msvcp140.dll
0x00007ffc30b30000 - 0x00007ffc31776000 	C:\Users\pc\.vscode\extensions\redhat.java-1.10.0-win32-x64\jre\17.0.4-win32-x86_64\bin\server\jvm.dll
0x00007ffc93b20000 - 0x00007ffc93bce000 	C:\WINDOWS\System32\ADVAPI32.dll
0x00007ffc93e70000 - 0x00007ffc93f0c000 	C:\WINDOWS\System32\sechost.dll
0x00007ffc94d60000 - 0x00007ffc94e85000 	C:\WINDOWS\System32\RPCRT4.dll
0x00007ffc93690000 - 0x00007ffc93698000 	C:\WINDOWS\System32\PSAPI.DLL
0x00007ffc7c9c0000 - 0x00007ffc7c9c9000 	C:\WINDOWS\SYSTEM32\WSOCK32.dll
0x00007ffc843e0000 - 0x00007ffc84407000 	C:\WINDOWS\SYSTEM32\WINMM.dll
0x00007ffc94f50000 - 0x00007ffc94fbb000 	C:\WINDOWS\System32\WS2_32.dll
0x00007ffc81e30000 - 0x00007ffc81e3a000 	C:\WINDOWS\SYSTEM32\VERSION.dll
0x00007ffc91100000 - 0x00007ffc91112000 	C:\WINDOWS\SYSTEM32\kernel.appcore.dll
0x00007ffc8a410000 - 0x00007ffc8a41a000 	C:\Users\pc\.vscode\extensions\redhat.java-1.10.0-win32-x64\jre\17.0.4-win32-x86_64\bin\jimage.dll
0x00007ffc791c0000 - 0x00007ffc793a4000 	C:\WINDOWS\SYSTEM32\DBGHELP.DLL
0x00007ffc790b0000 - 0x00007ffc790dc000 	C:\WINDOWS\SYSTEM32\dbgcore.DLL
0x00007ffc92b10000 - 0x00007ffc92b92000 	C:\WINDOWS\System32\bcryptPrimitives.dll
0x00007ffc7c5a0000 - 0x00007ffc7c5c5000 	C:\Users\pc\.vscode\extensions\redhat.java-1.10.0-win32-x64\jre\17.0.4-win32-x86_64\bin\java.dll
0x00007ffc7c520000 - 0x00007ffc7c538000 	C:\Users\pc\.vscode\extensions\redhat.java-1.10.0-win32-x64\jre\17.0.4-win32-x86_64\bin\zip.dll
0x00007ffc94610000 - 0x00007ffc94d54000 	C:\WINDOWS\System32\SHELL32.dll
0x00007ffc90950000 - 0x00007ffc910e4000 	C:\WINDOWS\SYSTEM32\windows.storage.dll
0x00007ffc936a0000 - 0x00007ffc939f4000 	C:\WINDOWS\System32\combase.dll
0x00007ffc92200000 - 0x00007ffc92230000 	C:\WINDOWS\SYSTEM32\Wldp.dll
0x00007ffc93a70000 - 0x00007ffc93b1d000 	C:\WINDOWS\System32\SHCORE.dll
0x00007ffc93bd0000 - 0x00007ffc93c25000 	C:\WINDOWS\System32\shlwapi.dll
0x00007ffc927b0000 - 0x00007ffc927cf000 	C:\WINDOWS\SYSTEM32\profapi.dll
0x00007ffc74f60000 - 0x00007ffc74f79000 	C:\Users\pc\.vscode\extensions\redhat.java-1.10.0-win32-x64\jre\17.0.4-win32-x86_64\bin\net.dll
0x00007ffc838f0000 - 0x00007ffc839fa000 	C:\WINDOWS\SYSTEM32\WINHTTP.dll
0x00007ffc91f60000 - 0x00007ffc91fca000 	C:\WINDOWS\system32\mswsock.dll
0x00007ffc74f20000 - 0x00007ffc74f35000 	C:\Users\pc\.vscode\extensions\redhat.java-1.10.0-win32-x64\jre\17.0.4-win32-x86_64\bin\nio.dll
0x00007ffc8a060000 - 0x00007ffc8a070000 	C:\Users\pc\.vscode\extensions\redhat.java-1.10.0-win32-x64\jre\17.0.4-win32-x86_64\bin\verify.dll
0x00007ffc821b0000 - 0x00007ffc821b9000 	C:\Users\pc\.vscode\extensions\redhat.java-1.10.0-win32-x64\jre\17.0.4-win32-x86_64\bin\management.dll
0x00007ffc81c80000 - 0x00007ffc81c8b000 	C:\Users\pc\.vscode\extensions\redhat.java-1.10.0-win32-x64\jre\17.0.4-win32-x86_64\bin\management_ext.dll
0x00007ffc77a40000 - 0x00007ffc77a57000 	C:\WINDOWS\system32\napinsp.dll
0x00007ffc77a20000 - 0x00007ffc77a3b000 	C:\WINDOWS\system32\pnrpnsp.dll
0x00007ffc8d260000 - 0x00007ffc8d275000 	C:\WINDOWS\system32\wshbth.dll
0x00007ffc8dbd0000 - 0x00007ffc8dbed000 	C:\WINDOWS\system32\NLAapi.dll
0x00007ffc91c50000 - 0x00007ffc91c8b000 	C:\WINDOWS\SYSTEM32\IPHLPAPI.DLL
0x00007ffc91c90000 - 0x00007ffc91d5a000 	C:\WINDOWS\SYSTEM32\DNSAPI.dll
0x00007ffc93a00000 - 0x00007ffc93a08000 	C:\WINDOWS\System32\NSI.dll
0x00007ffc77a00000 - 0x00007ffc77a12000 	C:\WINDOWS\System32\winrnr.dll
0x00007ffc83680000 - 0x00007ffc8368a000 	C:\Windows\System32\rasadhlp.dll
0x00007ffc83870000 - 0x00007ffc838f0000 	C:\WINDOWS\System32\fwpuclnt.dll
0x00007ffc92fd0000 - 0x00007ffc92ff7000 	C:\WINDOWS\System32\bcrypt.dll
0x00007ffc92160000 - 0x00007ffc92178000 	C:\WINDOWS\SYSTEM32\CRYPTSP.dll
0x00007ffc918e0000 - 0x00007ffc91914000 	C:\WINDOWS\system32\rsaenh.dll
0x00007ffc92730000 - 0x00007ffc9275e000 	C:\WINDOWS\SYSTEM32\USERENV.dll
0x00007ffc92150000 - 0x00007ffc9215c000 	C:\WINDOWS\SYSTEM32\CRYPTBASE.dll
0x00007ffc84b50000 - 0x00007ffc84b67000 	C:\WINDOWS\SYSTEM32\dhcpcsvc6.DLL
0x00007ffc84e70000 - 0x00007ffc84e8d000 	C:\WINDOWS\SYSTEM32\dhcpcsvc.DLL
0x00007ffc7c510000 - 0x00007ffc7c51e000 	C:\Users\pc\.vscode\extensions\redhat.java-1.10.0-win32-x64\jre\17.0.4-win32-x86_64\bin\sunmscapi.dll
0x00007ffc92910000 - 0x00007ffc92a66000 	C:\WINDOWS\System32\CRYPT32.dll
0x00007ffc92270000 - 0x00007ffc92297000 	C:\WINDOWS\SYSTEM32\ncrypt.dll
0x00007ffc92230000 - 0x00007ffc9226b000 	C:\WINDOWS\SYSTEM32\NTASN1.dll
0x00007ffc78460000 - 0x00007ffc78467000 	C:\WINDOWS\system32\wshunix.dll

dbghelp: loaded successfully - version: 4.0.5 - missing functions: none
symbol engine: initialized successfully - sym options: 0x614 - pdb path: .;C:\Users\pc\.vscode\extensions\redhat.java-1.10.0-win32-x64\jre\17.0.4-win32-x86_64\bin;C:\WINDOWS\SYSTEM32;C:\WINDOWS\WinSxS\amd64_microsoft.windows.common-controls_6595b64144ccf1df_6.0.19041.1110_none_60b5254171f9507e;C:\Users\pc\.vscode\extensions\redhat.java-1.10.0-win32-x64\jre\17.0.4-win32-x86_64\bin\server

VM Arguments:
jvm_args: -XX:+ShowCodeDetailsInExceptionMessages 
java_command: com.example.for_angular_project.ForAngularProjectApplication
java_class_path (initial): E:\SpringProjectList\for_angular_project\target\classes;C:\Users\pc\.m2\repository\org\springframework\boot\spring-boot-starter-data-jpa\2.7.3\spring-boot-starter-data-jpa-2.7.3.jar;C:\Users\pc\.m2\repository\org\springframework\boot\spring-boot-starter-aop\2.7.3\spring-boot-starter-aop-2.7.3.jar;C:\Users\pc\.m2\repository\org\springframework\spring-aop\5.3.22\spring-aop-5.3.22.jar;C:\Users\pc\.m2\repository\org\aspectj\aspectjweaver\1.9.7\aspectjweaver-1.9.7.jar;C:\Users\pc\.m2\repository\org\springframework\boot\spring-boot-starter-jdbc\2.7.3\spring-boot-starter-jdbc-2.7.3.jar;C:\Users\pc\.m2\repository\com\zaxxer\HikariCP\4.0.3\HikariCP-4.0.3.jar;C:\Users\pc\.m2\repository\org\springframework\spring-jdbc\5.3.22\spring-jdbc-5.3.22.jar;C:\Users\pc\.m2\repository\jakarta\transaction\jakarta.transaction-api\1.3.3\jakarta.transaction-api-1.3.3.jar;C:\Users\pc\.m2\repository\jakarta\persistence\jakarta.persistence-api\2.2.3\jakarta.persistence-api-2.2.3.jar;C:\Users\pc\.m2\repository\org\hibernate\hibernate-core\5.6.10.Final\hibernate-core-5.6.10.Final.jar;C:\Users\pc\.m2\repository\org\jboss\logging\jboss-logging\3.4.3.Final\jboss-logging-3.4.3.Final.jar;C:\Users\pc\.m2\repository\net\bytebuddy\byte-buddy\1.12.13\byte-buddy-1.12.13.jar;C:\Users\pc\.m2\repository\antlr\antlr\2.7.7\antlr-2.7.7.jar;C:\Users\pc\.m2\repository\org\jboss\jandex\2.4.2.Final\jandex-2.4.2.Final.jar;C:\Users\pc\.m2\repository\com\fasterxml\classmate\1.5.1\classmate-1.5.1.jar;C:\Users\pc\.m2\repository\org\hibernate\common\hibernate-commons-annotations\5.1.2.Final\hibernate-commons-annotations-5.1.2.Final.jar;C:\Users\pc\.m2\repository\org\glassfish\jaxb\jaxb-runtime\2.3.6\jaxb-runtime-2.3.6.jar;C:\Users\pc\.m2\repository\org\glassfish\jaxb\txw2\2.3.6\txw2-2.3.6.jar;C:\Users\pc\.m2\repository\com\sun\istack\istack-commons-runtime\3.0.12\istack-commons-runtime-3.0.12.jar;C:\Users\pc\.m2\repository\com\sun\activation\jakarta.activation\1.2.2\jakarta.activation-1.2.2.ja
Launcher Type: SUN_STANDARD

[Global flags]
     intx CICompilerCount                          = 3                                         {product} {ergonomic}
     uint ConcGCThreads                            = 1                                         {product} {ergonomic}
     uint G1ConcRefinementThreads                  = 4                                         {product} {ergonomic}
   size_t G1HeapRegionSize                         = 1048576                                   {product} {ergonomic}
    uintx GCDrainStackTargetSize                   = 64                                        {product} {ergonomic}
   size_t InitialHeapSize                          = 134217728                                 {product} {ergonomic}
   size_t MarkStackSize                            = 4194304                                   {product} {ergonomic}
   size_t MaxHeapSize                              = 2120220672                                {product} {ergonomic}
   size_t MaxNewSize                               = 1271922688                                {product} {ergonomic}
   size_t MinHeapDeltaBytes                        = 1048576                                   {product} {ergonomic}
   size_t MinHeapSize                              = 8388608                                   {product} {ergonomic}
    uintx NonNMethodCodeHeapSize                   = 5832780                                {pd product} {ergonomic}
    uintx NonProfiledCodeHeapSize                  = 122912730                              {pd product} {ergonomic}
    uintx ProfiledCodeHeapSize                     = 122912730                              {pd product} {ergonomic}
    uintx ReservedCodeCacheSize                    = 251658240                              {pd product} {ergonomic}
     bool SegmentedCodeCache                       = true                                      {product} {ergonomic}
     bool ShowCodeDetailsInExceptionMessages       = true                                   {manageable} {command line}
   size_t SoftMaxHeapSize                          = 2120220672                             {manageable} {ergonomic}
     bool UseCompressedClassPointers               = true                           {product lp64_product} {ergonomic}
     bool UseCompressedOops                        = true                           {product lp64_product} {ergonomic}
     bool UseG1GC                                  = true                                      {product} {ergonomic}
     bool UseLargePagesIndividualAllocation        = false                                  {pd product} {ergonomic}

Logging:
Log output configuration:
 #0: stdout all=warning uptime,level,tags
 #1: stderr all=off uptime,level,tags

Environment Variables:
JAVA_HOME=C:\Users\pc\AppData\Local\Programs\Eclipse Adoptium\jdk-17.0.4.101-hotspot\
PATH=C:\Users\pc\bin;C:\Program Files\Git\mingw64\bin;C:\Program Files\Git\usr\local\bin;C:\Program Files\Git\usr\bin;C:\Program Files\Git\usr\bin;C:\Program Files\Git\mingw64\bin;C:\Program Files\Git\usr\bin;C:\Users\pc\bin;F:\app\pc\product\12.1.0\dbhome_1\bin;C:\WINDOWS\system32;C:\WINDOWS;C:\WINDOWS\System32\Wbem;C:\WINDOWS\System32\WindowsPowerShell\v1.0;C:\WINDOWS\System32\OpenSSH;C:\dart-sdk\bin;C:\jdk-18\bin;C:\Program Files\Git\cmd;C:\Program Files\nodejs;C:\src\flutter\bin;C:\kotlin-native-windows-x86_64-1.6.21\bin;C:\Users\pc\AppData\Local\Programs\Python\Python310;E:\xampp\php;C:\Users\pc\AppData\Local\Programs\Eclipse Adoptium\jdk-17.0.4.101-hotspot\bin;C:\Program Files\MySQL\MySQL Shell 8.0\bin;C:\Users\pc\AppData\Local\Microsoft\WindowsApps;C:\Users\pc\AppData\Local\Programs\Microsoft VS Code\bin;C:\Users\pc\AppData\Roaming\npm;E:\Program Files\JetBrains\IntelliJ IDEA Community Edition 2022.1.2\bin;C:\Program Files\Git\usr\bin\vendor_perl;C:\Program Files\Git\usr\bin\core_perl
USERNAME=pc
SHELL=C:\Program Files\Git\usr\bin\bash.exe
DISPLAY=needs-to-be-defined
LANG=en_US.UTF-8
TERM=xterm-256color
TMPDIR=C:\Users\pc\AppData\Local\Temp
OS=Windows_NT
PROCESSOR_IDENTIFIER=Intel64 Family 6 Model 61 Stepping 4, GenuineIntel
TMP=C:\Users\pc\AppData\Local\Temp
TEMP=C:\Users\pc\AppData\Local\Temp



---------------  S Y S T E M  ---------------

OS:
 Windows 10 , 64 bit Build 19041 (10.0.19041.1889)
OS uptime: 4 days 5:27 hours

CPU: total 4 (initial active 4) (2 cores per cpu, 2 threads per core) family 6 model 61 stepping 4 microcode 0x2d, cx8, cmov, fxsr, ht, mmx, 3dnowpref, sse, sse2, sse3, ssse3, sse4.1, sse4.2, popcnt, lzcnt, tsc, tscinvbit, avx, avx2, aes, erms, clmul, bmi1, bmi2, adx, fma, vzeroupper, clflush

Memory: 4k page, system-wide physical 8083M (896M free)
TotalPageFile size 44947M (AvailPageFile size 53M)
current process WorkingSet (physical memory assigned to process): 200M, peak: 232M
current process commit charge ("private bytes"): 274M, peak: 282M

vm_info: OpenJDK 64-Bit Server VM (17.0.4+8) for windows-amd64 JRE (17.0.4+8), built on Jul 19 2022 16:05:16 by "temurin" with MS VC++ 16.7 (VS2019)

END.
